[debug] [2022-08-11T06:52:57.624Z] ----------------------------------------------------------------------
[debug] [2022-08-11T06:52:57.625Z] Command:       C:\Program Files\nodejs\node.exe C:\Users\james\AppData\Roaming\npm\node_modules\firebase-tools\lib\bin\firebase.js init
[debug] [2022-08-11T06:52:57.626Z] CLI Version:   11.2.1
[debug] [2022-08-11T06:52:57.626Z] Platform:      win32
[debug] [2022-08-11T06:52:57.626Z] Node Version:  v16.14.2
[debug] [2022-08-11T06:52:57.632Z] Time:          Thu Aug 11 2022 18:52:57 GMT+1200 (New Zealand Standard Time)
[debug] [2022-08-11T06:52:57.632Z] ----------------------------------------------------------------------
[debug] 
[debug] [2022-08-11T06:52:57.635Z] >>> [apiv2][query] GET https://firebase-public.firebaseio.com/cli.json [none]
[debug] [2022-08-11T06:52:57.651Z] > command requires scopes: ["email","openid","https://www.googleapis.com/auth/cloudplatformprojects.readonly","https://www.googleapis.com/auth/firebase","https://www.googleapis.com/auth/cloud-platform"]
[debug] [2022-08-11T06:52:57.651Z] > authorizing via signed-in user (james1mowat@gmail.com)
[info] 
     ######## #### ########  ######## ########     ###     ######  ########
     ##        ##  ##     ## ##       ##     ##  ##   ##  ##       ##
     ######    ##  ########  ######   ########  #########  ######  ######
     ##        ##  ##    ##  ##       ##     ## ##     ##       ## ##
     ##       #### ##     ## ######## ########  ##     ##  ######  ########

You're about to initialize a Firebase project in this directory:

  C:\Users\james\Desktop\main-site

[debug] [2022-08-11T06:52:58.141Z] <<< [apiv2][status] GET https://firebase-public.firebaseio.com/cli.json 200
[debug] [2022-08-11T06:52:58.141Z] <<< [apiv2][body] GET https://firebase-public.firebaseio.com/cli.json {"cloudBuildErrorAfter":1594252800000,"cloudBuildWarnAfter":1590019200000,"defaultNode10After":1594252800000,"minVersion":"3.0.5","node8DeploysDisabledAfter":1613390400000,"node8RuntimeDisabledAfter":1615809600000,"node8WarnAfter":1600128000000}
[info] 
=== Project Setup
[info] 
[info] First, let's associate this project directory with a Firebase project.
[info] You can create multiple project aliases by running firebase use --add, 
[info] but for now we'll just set up a default project.
[info] 
